2018-10-23 10:06:53,493 [Worker-7] INFO  c.g.t.t.d.PublishedGradleVersions - Gradle version information cache is out-of-date. Trying to update.
2018-10-23 10:21:21,203 [Worker-37] INFO  o.e.m.c.i.l.LifecycleMappingFactory - Using org.eclipse.m2e.jdt.JarLifecycleMapping lifecycle mapping for MavenProject: com.unisys:hibernate.training:0.0.1-SNAPSHOT @ /Users/vinodkumar/Documents/classroom_demos/2018_10_UNISYS_HIBERNATE/EclipseWorkspace/hibernate.training/pom.xml.
2018-10-23 10:21:22,195 [Worker-37] INFO  o.e.m.j.i.AbstractJavaProjectConfigurator - Adding source folder /hibernate.training/src/main/java
2018-10-23 10:21:22,197 [Worker-37] INFO  o.e.m.j.i.AbstractJavaProjectConfigurator - Adding resource folder /hibernate.training/src/main/resources
2018-10-23 10:21:22,198 [Worker-37] INFO  o.e.m.j.i.AbstractJavaProjectConfigurator - Adding source folder /hibernate.training/src/test/java
2018-10-23 10:21:22,199 [Worker-37] INFO  o.e.m.j.i.AbstractJavaProjectConfigurator - Adding resource folder /hibernate.training/src/test/resources
2018-10-23 10:21:25,675 [Worker-185] WARN  o.e.m.c.i.embedder.EclipseLogger - Using platform encoding (UTF-8 actually) to copy filtered resources, i.e. build is platform dependent!
2018-10-23 10:21:25,715 [Worker-185] INFO  o.e.m.c.i.embedder.EclipseLogger - Copying 0 resource
2018-10-23 10:21:25,721 [Worker-185] WARN  o.e.m.c.i.embedder.EclipseLogger - Using platform encoding (UTF-8 actually) to copy filtered resources, i.e. build is platform dependent!
2018-10-23 10:21:25,722 [Worker-185] INFO  o.e.m.c.i.embedder.EclipseLogger - Copying 0 resource
2018-10-23 10:23:00,430 [Worker-184] INFO  o.e.m.c.i.l.LifecycleMappingFactory - Using org.eclipse.m2e.jdt.JarLifecycleMapping lifecycle mapping for MavenProject: com.unisys:hibernate.training:0.0.1-SNAPSHOT @ /Users/vinodkumar/Documents/classroom_demos/2018_10_UNISYS_HIBERNATE/EclipseWorkspace/hibernate.training/pom.xml.
2018-10-23 10:23:00,768 [Worker-184] WARN  o.e.m.c.i.embedder.EclipseLogger - Using platform encoding (UTF-8 actually) to copy filtered resources, i.e. build is platform dependent!
2018-10-23 10:23:00,771 [Worker-184] INFO  o.e.m.c.i.embedder.EclipseLogger - Copying 0 resource
2018-10-23 10:23:00,774 [Worker-184] WARN  o.e.m.c.i.embedder.EclipseLogger - Using platform encoding (UTF-8 actually) to copy filtered resources, i.e. build is platform dependent!
2018-10-23 10:23:00,775 [Worker-184] INFO  o.e.m.c.i.embedder.EclipseLogger - Copying 0 resource
2018-10-23 10:23:02,304 [Worker-187] WARN  o.e.m.c.i.embedder.EclipseLogger - Using platform encoding (UTF-8 actually) to copy filtered resources, i.e. build is platform dependent!
2018-10-23 10:23:02,308 [Worker-187] INFO  o.e.m.c.i.embedder.EclipseLogger - Copying 0 resource
2018-10-23 10:23:02,310 [Worker-187] WARN  o.e.m.c.i.embedder.EclipseLogger - Using platform encoding (UTF-8 actually) to copy filtered resources, i.e. build is platform dependent!
2018-10-23 10:23:02,311 [Worker-187] INFO  o.e.m.c.i.embedder.EclipseLogger - Copying 0 resource
2018-10-23 10:30:59,549 [Worker-190] INFO  o.e.m.c.i.l.LifecycleMappingFactory - Using org.eclipse.m2e.jdt.JarLifecycleMapping lifecycle mapping for MavenProject: com.unisys:hibernate.training:0.0.1-SNAPSHOT @ /Users/vinodkumar/Documents/classroom_demos/2018_10_UNISYS_HIBERNATE/EclipseWorkspace/hibernate.training/pom.xml.
2018-10-23 10:31:01,737 [Worker-190] INFO  o.e.m.c.i.e.AbstractTransferListenerAdapter - Downloading https://repo.maven.apache.org/maven2/org/projectlombok/lombok/1.18.2/lombok-1.18.2.pom
2018-10-23 10:31:02,380 [Worker-190] INFO  o.e.m.c.i.e.AbstractTransferListenerAdapter - Downloaded https://repo.maven.apache.org/maven2/org/projectlombok/lombok/1.18.2/lombok-1.18.2.pom
2018-10-23 10:31:02,682 [Worker-190] INFO  o.e.m.c.i.e.AbstractTransferListenerAdapter - Downloading https://repo.maven.apache.org/maven2/org/projectlombok/lombok/1.18.2/lombok-1.18.2.jar
2018-10-23 10:31:10,665 [Worker-190] INFO  o.e.m.c.i.e.AbstractTransferListenerAdapter - Downloaded https://repo.maven.apache.org/maven2/org/projectlombok/lombok/1.18.2/lombok-1.18.2.jar
2018-10-23 10:31:10,857 [Worker-190] WARN  o.e.m.c.i.embedder.EclipseLogger - Using platform encoding (UTF-8 actually) to copy filtered resources, i.e. build is platform dependent!
2018-10-23 10:31:10,860 [Worker-190] INFO  o.e.m.c.i.embedder.EclipseLogger - Copying 0 resource
2018-10-23 10:31:10,864 [Worker-190] WARN  o.e.m.c.i.embedder.EclipseLogger - Using platform encoding (UTF-8 actually) to copy filtered resources, i.e. build is platform dependent!
2018-10-23 10:31:10,865 [Worker-190] INFO  o.e.m.c.i.embedder.EclipseLogger - Copying 0 resource
2018-10-23 10:31:12,179 [Worker-187] WARN  o.e.m.c.i.embedder.EclipseLogger - Using platform encoding (UTF-8 actually) to copy filtered resources, i.e. build is platform dependent!
2018-10-23 10:31:12,181 [Worker-187] INFO  o.e.m.c.i.embedder.EclipseLogger - Copying 0 resource
2018-10-23 10:31:12,183 [Worker-187] WARN  o.e.m.c.i.embedder.EclipseLogger - Using platform encoding (UTF-8 actually) to copy filtered resources, i.e. build is platform dependent!
2018-10-23 10:31:12,184 [Worker-187] INFO  o.e.m.c.i.embedder.EclipseLogger - Copying 0 resource
2018-10-23 10:36:47,717 [Worker-187] WARN  o.e.m.c.i.embedder.EclipseLogger - Using platform encoding (UTF-8 actually) to copy filtered resources, i.e. build is platform dependent!
2018-10-23 10:36:47,718 [Worker-187] INFO  o.e.m.c.i.embedder.EclipseLogger - Copying 0 resource
2018-10-23 10:36:47,720 [Worker-187] WARN  o.e.m.c.i.embedder.EclipseLogger - Using platform encoding (UTF-8 actually) to copy filtered resources, i.e. build is platform dependent!
2018-10-23 10:36:47,721 [Worker-187] INFO  o.e.m.c.i.embedder.EclipseLogger - Copying 0 resource
2018-10-23 10:38:16,481 [Worker-191] WARN  o.e.m.c.i.embedder.EclipseLogger - Using platform encoding (UTF-8 actually) to copy filtered resources, i.e. build is platform dependent!
2018-10-23 10:38:16,482 [Worker-191] INFO  o.e.m.c.i.embedder.EclipseLogger - Copying 0 resource
2018-10-23 10:38:16,484 [Worker-191] WARN  o.e.m.c.i.embedder.EclipseLogger - Using platform encoding (UTF-8 actually) to copy filtered resources, i.e. build is platform dependent!
2018-10-23 10:38:16,485 [Worker-191] INFO  o.e.m.c.i.embedder.EclipseLogger - Copying 0 resource
2018-10-23 10:38:17,516 [Worker-189] WARN  o.e.m.c.i.embedder.EclipseLogger - Using platform encoding (UTF-8 actually) to copy filtered resources, i.e. build is platform dependent!
2018-10-23 10:38:17,518 [Worker-189] INFO  o.e.m.c.i.embedder.EclipseLogger - Copying 0 resource
2018-10-23 10:38:17,521 [Worker-189] WARN  o.e.m.c.i.embedder.EclipseLogger - Using platform encoding (UTF-8 actually) to copy filtered resources, i.e. build is platform dependent!
2018-10-23 10:38:17,522 [Worker-189] INFO  o.e.m.c.i.embedder.EclipseLogger - Copying 0 resource
2018-10-23 10:38:32,144 [Worker-187] WARN  o.e.m.c.i.embedder.EclipseLogger - Using platform encoding (UTF-8 actually) to copy filtered resources, i.e. build is platform dependent!
2018-10-23 10:38:32,146 [Worker-187] INFO  o.e.m.c.i.embedder.EclipseLogger - Copying 0 resource
2018-10-23 10:38:32,147 [Worker-187] WARN  o.e.m.c.i.embedder.EclipseLogger - Using platform encoding (UTF-8 actually) to copy filtered resources, i.e. build is platform dependent!
2018-10-23 10:38:32,148 [Worker-187] INFO  o.e.m.c.i.embedder.EclipseLogger - Copying 0 resource
2018-10-23 10:38:52,126 [Worker-187] WARN  o.e.m.c.i.embedder.EclipseLogger - Using platform encoding (UTF-8 actually) to copy filtered resources, i.e. build is platform dependent!
2018-10-23 10:38:52,127 [Worker-187] INFO  o.e.m.c.i.embedder.EclipseLogger - Copying 0 resource
2018-10-23 10:38:52,129 [Worker-187] WARN  o.e.m.c.i.embedder.EclipseLogger - Using platform encoding (UTF-8 actually) to copy filtered resources, i.e. build is platform dependent!
2018-10-23 10:38:52,130 [Worker-187] INFO  o.e.m.c.i.embedder.EclipseLogger - Copying 0 resource
2018-10-23 10:39:02,718 [Worker-192] WARN  o.e.m.c.i.embedder.EclipseLogger - Using platform encoding (UTF-8 actually) to copy filtered resources, i.e. build is platform dependent!
2018-10-23 10:39:02,720 [Worker-192] INFO  o.e.m.c.i.embedder.EclipseLogger - Copying 0 resource
2018-10-23 10:39:02,724 [Worker-192] WARN  o.e.m.c.i.embedder.EclipseLogger - Using platform encoding (UTF-8 actually) to copy filtered resources, i.e. build is platform dependent!
2018-10-23 10:39:02,725 [Worker-192] INFO  o.e.m.c.i.embedder.EclipseLogger - Copying 0 resource
2018-10-23 10:39:19,548 [Worker-187] WARN  o.e.m.c.i.embedder.EclipseLogger - Using platform encoding (UTF-8 actually) to copy filtered resources, i.e. build is platform dependent!
2018-10-23 10:39:19,550 [Worker-187] INFO  o.e.m.c.i.embedder.EclipseLogger - Copying 0 resource
2018-10-23 10:39:19,551 [Worker-187] WARN  o.e.m.c.i.embedder.EclipseLogger - Using platform encoding (UTF-8 actually) to copy filtered resources, i.e. build is platform dependent!
2018-10-23 10:39:19,551 [Worker-187] INFO  o.e.m.c.i.embedder.EclipseLogger - Copying 0 resource
2018-10-23 10:41:08,204 [Start Help Server] INFO  org.eclipse.jetty.util.log - Logging initialized @2120458ms to org.eclipse.jetty.util.log.Slf4jLog
2018-10-23 10:41:08,386 [Start Help Server] INFO  org.eclipse.jetty.server.Server - jetty-9.4.7.v20170914
2018-10-23 10:41:08,413 [Start Help Server] INFO  org.eclipse.jetty.server.session - DefaultSessionIdManager workerName=node0
2018-10-23 10:41:08,413 [Start Help Server] INFO  org.eclipse.jetty.server.session - No SessionScavenger set, using defaults
2018-10-23 10:41:08,416 [Start Help Server] INFO  org.eclipse.jetty.server.session - Scavenging every 600000ms
2018-10-23 10:41:08,449 [Start Help Server] INFO  o.e.j.server.handler.ContextHandler - Started o.e.j.s.ServletContextHandler@4ad054d0{/help,null,AVAILABLE}
2018-10-23 10:41:08,467 [Start Help Server] INFO  o.e.jetty.server.AbstractConnector - Started ServerConnector@dee76d3{HTTP/1.1,[http/1.1]}{127.0.0.1:59752}
2018-10-23 10:41:08,469 [Start Help Server] INFO  org.eclipse.jetty.server.Server - Started @2120724ms
2018-10-23 10:42:02,603 [Worker-197] WARN  o.e.m.c.i.embedder.EclipseLogger - Using platform encoding (UTF-8 actually) to copy filtered resources, i.e. build is platform dependent!
2018-10-23 10:42:02,605 [Worker-197] INFO  o.e.m.c.i.embedder.EclipseLogger - Copying 0 resource
2018-10-23 10:42:02,606 [Worker-197] WARN  o.e.m.c.i.embedder.EclipseLogger - Using platform encoding (UTF-8 actually) to copy filtered resources, i.e. build is platform dependent!
2018-10-23 10:42:02,607 [Worker-197] INFO  o.e.m.c.i.embedder.EclipseLogger - Copying 0 resource
2018-10-23 10:42:03,659 [Worker-194] WARN  o.e.m.c.i.embedder.EclipseLogger - Using platform encoding (UTF-8 actually) to copy filtered resources, i.e. build is platform dependent!
2018-10-23 10:42:03,660 [Worker-194] INFO  o.e.m.c.i.embedder.EclipseLogger - Copying 0 resource
2018-10-23 10:42:03,662 [Worker-194] WARN  o.e.m.c.i.embedder.EclipseLogger - Using platform encoding (UTF-8 actually) to copy filtered resources, i.e. build is platform dependent!
2018-10-23 10:42:03,663 [Worker-194] INFO  o.e.m.c.i.embedder.EclipseLogger - Copying 0 resource
2018-10-23 10:45:39,695 [Worker-199] WARN  o.e.m.c.i.embedder.EclipseLogger - Using platform encoding (UTF-8 actually) to copy filtered resources, i.e. build is platform dependent!
2018-10-23 10:45:39,699 [Worker-199] INFO  o.e.m.c.i.embedder.EclipseLogger - Copying 0 resource
2018-10-23 10:45:39,701 [Worker-199] WARN  o.e.m.c.i.embedder.EclipseLogger - Using platform encoding (UTF-8 actually) to copy filtered resources, i.e. build is platform dependent!
2018-10-23 10:45:39,702 [Worker-199] INFO  o.e.m.c.i.embedder.EclipseLogger - Copying 0 resource
2018-10-23 10:49:58,533 [Worker-200] WARN  o.e.m.c.i.embedder.EclipseLogger - Using platform encoding (UTF-8 actually) to copy filtered resources, i.e. build is platform dependent!
2018-10-23 10:49:58,536 [Worker-200] INFO  o.e.m.c.i.embedder.EclipseLogger - Copying 0 resource
2018-10-23 10:49:58,540 [Worker-200] WARN  o.e.m.c.i.embedder.EclipseLogger - Using platform encoding (UTF-8 actually) to copy filtered resources, i.e. build is platform dependent!
2018-10-23 10:49:58,541 [Worker-200] INFO  o.e.m.c.i.embedder.EclipseLogger - Copying 0 resource
2018-10-23 10:50:21,342 [Worker-198] WARN  o.e.m.c.i.embedder.EclipseLogger - Using platform encoding (UTF-8 actually) to copy filtered resources, i.e. build is platform dependent!
2018-10-23 10:50:21,344 [Worker-198] INFO  o.e.m.c.i.embedder.EclipseLogger - Copying 0 resource
2018-10-23 10:50:21,345 [Worker-198] WARN  o.e.m.c.i.embedder.EclipseLogger - Using platform encoding (UTF-8 actually) to copy filtered resources, i.e. build is platform dependent!
2018-10-23 10:50:21,346 [Worker-198] INFO  o.e.m.c.i.embedder.EclipseLogger - Copying 0 resource
2018-10-23 10:51:02,578 [Worker-200] WARN  o.e.m.c.i.embedder.EclipseLogger - Using platform encoding (UTF-8 actually) to copy filtered resources, i.e. build is platform dependent!
2018-10-23 10:51:02,580 [Worker-200] INFO  o.e.m.c.i.embedder.EclipseLogger - Copying 0 resource
2018-10-23 10:51:02,582 [Worker-200] WARN  o.e.m.c.i.embedder.EclipseLogger - Using platform encoding (UTF-8 actually) to copy filtered resources, i.e. build is platform dependent!
2018-10-23 10:51:02,583 [Worker-200] INFO  o.e.m.c.i.embedder.EclipseLogger - Copying 0 resource
2018-10-23 10:51:23,700 [Worker-197] WARN  o.e.m.c.i.embedder.EclipseLogger - Using platform encoding (UTF-8 actually) to copy filtered resources, i.e. build is platform dependent!
2018-10-23 10:51:23,700 [Worker-197] INFO  o.e.m.c.i.embedder.EclipseLogger - Copying 0 resource
2018-10-23 10:51:23,702 [Worker-197] WARN  o.e.m.c.i.embedder.EclipseLogger - Using platform encoding (UTF-8 actually) to copy filtered resources, i.e. build is platform dependent!
2018-10-23 10:51:23,703 [Worker-197] INFO  o.e.m.c.i.embedder.EclipseLogger - Copying 0 resource
2018-10-23 10:51:28,783 [Worker-197] WARN  o.e.m.c.i.embedder.EclipseLogger - Using platform encoding (UTF-8 actually) to copy filtered resources, i.e. build is platform dependent!
2018-10-23 10:51:28,783 [Worker-197] INFO  o.e.m.c.i.embedder.EclipseLogger - Copying 0 resource
2018-10-23 10:51:28,785 [Worker-197] WARN  o.e.m.c.i.embedder.EclipseLogger - Using platform encoding (UTF-8 actually) to copy filtered resources, i.e. build is platform dependent!
2018-10-23 10:51:28,785 [Worker-197] INFO  o.e.m.c.i.embedder.EclipseLogger - Copying 0 resource
2018-10-23 10:51:38,604 [Worker-194] WARN  o.e.m.c.i.embedder.EclipseLogger - Using platform encoding (UTF-8 actually) to copy filtered resources, i.e. build is platform dependent!
2018-10-23 10:51:38,605 [Worker-194] INFO  o.e.m.c.i.embedder.EclipseLogger - Copying 0 resource
2018-10-23 10:51:38,606 [Worker-194] WARN  o.e.m.c.i.embedder.EclipseLogger - Using platform encoding (UTF-8 actually) to copy filtered resources, i.e. build is platform dependent!
2018-10-23 10:51:38,607 [Worker-194] INFO  o.e.m.c.i.embedder.EclipseLogger - Copying 0 resource
2018-10-23 10:52:54,741 [Worker-201] WARN  o.e.m.c.i.embedder.EclipseLogger - Using platform encoding (UTF-8 actually) to copy filtered resources, i.e. build is platform dependent!
2018-10-23 10:52:54,742 [Worker-201] INFO  o.e.m.c.i.embedder.EclipseLogger - Copying 0 resource
2018-10-23 10:52:54,744 [Worker-201] WARN  o.e.m.c.i.embedder.EclipseLogger - Using platform encoding (UTF-8 actually) to copy filtered resources, i.e. build is platform dependent!
2018-10-23 10:52:54,745 [Worker-201] INFO  o.e.m.c.i.embedder.EclipseLogger - Copying 0 resource
2018-10-23 10:54:20,002 [Worker-197] WARN  o.e.m.c.i.embedder.EclipseLogger - Using platform encoding (UTF-8 actually) to copy filtered resources, i.e. build is platform dependent!
2018-10-23 10:54:20,003 [Worker-197] INFO  o.e.m.c.i.embedder.EclipseLogger - Copying 0 resource
2018-10-23 10:54:20,005 [Worker-197] WARN  o.e.m.c.i.embedder.EclipseLogger - Using platform encoding (UTF-8 actually) to copy filtered resources, i.e. build is platform dependent!
2018-10-23 10:54:20,006 [Worker-197] INFO  o.e.m.c.i.embedder.EclipseLogger - Copying 0 resource
2018-10-23 10:54:28,836 [Worker-194] WARN  o.e.m.c.i.embedder.EclipseLogger - Using platform encoding (UTF-8 actually) to copy filtered resources, i.e. build is platform dependent!
2018-10-23 10:54:28,838 [Worker-194] INFO  o.e.m.c.i.embedder.EclipseLogger - Copying 0 resource
2018-10-23 10:54:28,839 [Worker-194] WARN  o.e.m.c.i.embedder.EclipseLogger - Using platform encoding (UTF-8 actually) to copy filtered resources, i.e. build is platform dependent!
2018-10-23 10:54:28,840 [Worker-194] INFO  o.e.m.c.i.embedder.EclipseLogger - Copying 0 resource
2018-10-23 10:56:44,550 [Worker-200] WARN  o.e.m.c.i.embedder.EclipseLogger - Using platform encoding (UTF-8 actually) to copy filtered resources, i.e. build is platform dependent!
2018-10-23 10:56:44,551 [Worker-200] INFO  o.e.m.c.i.embedder.EclipseLogger - Copying 0 resource
2018-10-23 10:56:44,553 [Worker-200] WARN  o.e.m.c.i.embedder.EclipseLogger - Using platform encoding (UTF-8 actually) to copy filtered resources, i.e. build is platform dependent!
2018-10-23 10:56:44,553 [Worker-200] INFO  o.e.m.c.i.embedder.EclipseLogger - Copying 0 resource
2018-10-23 10:57:00,284 [Worker-199] WARN  o.e.m.c.i.embedder.EclipseLogger - Using platform encoding (UTF-8 actually) to copy filtered resources, i.e. build is platform dependent!
2018-10-23 10:57:00,286 [Worker-199] INFO  o.e.m.c.i.embedder.EclipseLogger - Copying 0 resource
2018-10-23 10:57:00,287 [Worker-199] WARN  o.e.m.c.i.embedder.EclipseLogger - Using platform encoding (UTF-8 actually) to copy filtered resources, i.e. build is platform dependent!
2018-10-23 10:57:00,287 [Worker-199] INFO  o.e.m.c.i.embedder.EclipseLogger - Copying 0 resource
2018-10-23 10:57:13,711 [Worker-202] WARN  o.e.m.c.i.embedder.EclipseLogger - Using platform encoding (UTF-8 actually) to copy filtered resources, i.e. build is platform dependent!
2018-10-23 10:57:13,712 [Worker-202] INFO  o.e.m.c.i.embedder.EclipseLogger - Copying 0 resource
2018-10-23 10:57:13,712 [Worker-202] WARN  o.e.m.c.i.embedder.EclipseLogger - Using platform encoding (UTF-8 actually) to copy filtered resources, i.e. build is platform dependent!
2018-10-23 10:57:13,713 [Worker-202] INFO  o.e.m.c.i.embedder.EclipseLogger - Copying 0 resource
2018-10-23 10:59:28,105 [Worker-198] WARN  o.e.m.c.i.embedder.EclipseLogger - Using platform encoding (UTF-8 actually) to copy filtered resources, i.e. build is platform dependent!
2018-10-23 10:59:28,106 [Worker-198] INFO  o.e.m.c.i.embedder.EclipseLogger - Copying 0 resource
2018-10-23 10:59:28,108 [Worker-198] WARN  o.e.m.c.i.embedder.EclipseLogger - Using platform encoding (UTF-8 actually) to copy filtered resources, i.e. build is platform dependent!
2018-10-23 10:59:28,109 [Worker-198] INFO  o.e.m.c.i.embedder.EclipseLogger - Copying 0 resource
2018-10-23 11:01:55,915 [Worker-201] WARN  o.e.m.c.i.embedder.EclipseLogger - Using platform encoding (UTF-8 actually) to copy filtered resources, i.e. build is platform dependent!
2018-10-23 11:01:55,917 [Worker-201] INFO  o.e.m.c.i.embedder.EclipseLogger - Copying 0 resource
2018-10-23 11:01:55,918 [Worker-201] WARN  o.e.m.c.i.embedder.EclipseLogger - Using platform encoding (UTF-8 actually) to copy filtered resources, i.e. build is platform dependent!
2018-10-23 11:01:55,919 [Worker-201] INFO  o.e.m.c.i.embedder.EclipseLogger - Copying 0 resource
2018-10-23 11:02:00,195 [Worker-201] WARN  o.e.m.c.i.embedder.EclipseLogger - Using platform encoding (UTF-8 actually) to copy filtered resources, i.e. build is platform dependent!
2018-10-23 11:02:00,196 [Worker-201] INFO  o.e.m.c.i.embedder.EclipseLogger - Copying 0 resource
2018-10-23 11:02:00,197 [Worker-201] WARN  o.e.m.c.i.embedder.EclipseLogger - Using platform encoding (UTF-8 actually) to copy filtered resources, i.e. build is platform dependent!
2018-10-23 11:02:00,198 [Worker-201] INFO  o.e.m.c.i.embedder.EclipseLogger - Copying 0 resource
2018-10-23 11:02:45,377 [Worker-200] WARN  o.e.m.c.i.embedder.EclipseLogger - Using platform encoding (UTF-8 actually) to copy filtered resources, i.e. build is platform dependent!
2018-10-23 11:02:45,378 [Worker-200] INFO  o.e.m.c.i.embedder.EclipseLogger - Copying 0 resource
2018-10-23 11:02:45,379 [Worker-200] WARN  o.e.m.c.i.embedder.EclipseLogger - Using platform encoding (UTF-8 actually) to copy filtered resources, i.e. build is platform dependent!
2018-10-23 11:02:45,380 [Worker-200] INFO  o.e.m.c.i.embedder.EclipseLogger - Copying 0 resource
2018-10-23 11:02:50,754 [Worker-204] WARN  o.e.m.c.i.embedder.EclipseLogger - Using platform encoding (UTF-8 actually) to copy filtered resources, i.e. build is platform dependent!
2018-10-23 11:02:50,755 [Worker-204] INFO  o.e.m.c.i.embedder.EclipseLogger - Copying 0 resource
2018-10-23 11:02:50,756 [Worker-204] WARN  o.e.m.c.i.embedder.EclipseLogger - Using platform encoding (UTF-8 actually) to copy filtered resources, i.e. build is platform dependent!
2018-10-23 11:02:50,757 [Worker-204] INFO  o.e.m.c.i.embedder.EclipseLogger - Copying 0 resource
2018-10-23 11:07:14,165 [Worker-203] WARN  o.e.m.c.i.embedder.EclipseLogger - Using platform encoding (UTF-8 actually) to copy filtered resources, i.e. build is platform dependent!
2018-10-23 11:07:14,167 [Worker-203] INFO  o.e.m.c.i.embedder.EclipseLogger - Copying 0 resource
2018-10-23 11:07:14,168 [Worker-203] WARN  o.e.m.c.i.embedder.EclipseLogger - Using platform encoding (UTF-8 actually) to copy filtered resources, i.e. build is platform dependent!
2018-10-23 11:07:14,169 [Worker-203] INFO  o.e.m.c.i.embedder.EclipseLogger - Copying 0 resource
2018-10-23 11:08:01,537 [Worker-203] WARN  o.e.m.c.i.embedder.EclipseLogger - Using platform encoding (UTF-8 actually) to copy filtered resources, i.e. build is platform dependent!
2018-10-23 11:08:01,538 [Worker-203] INFO  o.e.m.c.i.embedder.EclipseLogger - Copying 0 resource
2018-10-23 11:08:01,540 [Worker-203] WARN  o.e.m.c.i.embedder.EclipseLogger - Using platform encoding (UTF-8 actually) to copy filtered resources, i.e. build is platform dependent!
2018-10-23 11:08:01,541 [Worker-203] INFO  o.e.m.c.i.embedder.EclipseLogger - Copying 0 resource
2018-10-23 11:08:06,537 [Worker-206] WARN  o.e.m.c.i.embedder.EclipseLogger - Using platform encoding (UTF-8 actually) to copy filtered resources, i.e. build is platform dependent!
2018-10-23 11:08:06,537 [Worker-206] INFO  o.e.m.c.i.embedder.EclipseLogger - Copying 0 resource
2018-10-23 11:08:06,538 [Worker-206] WARN  o.e.m.c.i.embedder.EclipseLogger - Using platform encoding (UTF-8 actually) to copy filtered resources, i.e. build is platform dependent!
2018-10-23 11:08:06,539 [Worker-206] INFO  o.e.m.c.i.embedder.EclipseLogger - Copying 0 resource
2018-10-23 11:09:14,227 [Worker-208] WARN  o.e.m.c.i.embedder.EclipseLogger - Using platform encoding (UTF-8 actually) to copy filtered resources, i.e. build is platform dependent!
2018-10-23 11:09:14,229 [Worker-208] INFO  o.e.m.c.i.embedder.EclipseLogger - Copying 0 resource
2018-10-23 11:09:14,230 [Worker-208] WARN  o.e.m.c.i.embedder.EclipseLogger - Using platform encoding (UTF-8 actually) to copy filtered resources, i.e. build is platform dependent!
2018-10-23 11:09:14,231 [Worker-208] INFO  o.e.m.c.i.embedder.EclipseLogger - Copying 0 resource
2018-10-23 11:09:44,443 [Worker-207] WARN  o.e.m.c.i.embedder.EclipseLogger - Using platform encoding (UTF-8 actually) to copy filtered resources, i.e. build is platform dependent!
2018-10-23 11:09:44,444 [Worker-207] INFO  o.e.m.c.i.embedder.EclipseLogger - Copying 0 resource
2018-10-23 11:09:44,445 [Worker-207] WARN  o.e.m.c.i.embedder.EclipseLogger - Using platform encoding (UTF-8 actually) to copy filtered resources, i.e. build is platform dependent!
2018-10-23 11:09:44,445 [Worker-207] INFO  o.e.m.c.i.embedder.EclipseLogger - Copying 0 resource
2018-10-23 11:10:06,373 [Worker-205] WARN  o.e.m.c.i.embedder.EclipseLogger - Using platform encoding (UTF-8 actually) to copy filtered resources, i.e. build is platform dependent!
2018-10-23 11:10:06,374 [Worker-205] INFO  o.e.m.c.i.embedder.EclipseLogger - Copying 0 resource
2018-10-23 11:10:06,375 [Worker-205] WARN  o.e.m.c.i.embedder.EclipseLogger - Using platform encoding (UTF-8 actually) to copy filtered resources, i.e. build is platform dependent!
2018-10-23 11:10:06,376 [Worker-205] INFO  o.e.m.c.i.embedder.EclipseLogger - Copying 0 resource
2018-10-23 11:10:13,504 [Worker-205] WARN  o.e.m.c.i.embedder.EclipseLogger - Using platform encoding (UTF-8 actually) to copy filtered resources, i.e. build is platform dependent!
2018-10-23 11:10:13,505 [Worker-205] INFO  o.e.m.c.i.embedder.EclipseLogger - Copying 0 resource
2018-10-23 11:10:13,506 [Worker-205] WARN  o.e.m.c.i.embedder.EclipseLogger - Using platform encoding (UTF-8 actually) to copy filtered resources, i.e. build is platform dependent!
2018-10-23 11:10:13,507 [Worker-205] INFO  o.e.m.c.i.embedder.EclipseLogger - Copying 0 resource
2018-10-23 11:11:08,909 [Worker-201] WARN  o.e.m.c.i.embedder.EclipseLogger - Using platform encoding (UTF-8 actually) to copy filtered resources, i.e. build is platform dependent!
2018-10-23 11:11:08,910 [Worker-201] INFO  o.e.m.c.i.embedder.EclipseLogger - Copying 0 resource
2018-10-23 11:11:08,912 [Worker-201] WARN  o.e.m.c.i.embedder.EclipseLogger - Using platform encoding (UTF-8 actually) to copy filtered resources, i.e. build is platform dependent!
2018-10-23 11:11:08,913 [Worker-201] INFO  o.e.m.c.i.embedder.EclipseLogger - Copying 0 resource
2018-10-23 11:11:10,598 [Worker-201] WARN  o.e.m.c.i.embedder.EclipseLogger - Using platform encoding (UTF-8 actually) to copy filtered resources, i.e. build is platform dependent!
2018-10-23 11:11:10,599 [Worker-201] INFO  o.e.m.c.i.embedder.EclipseLogger - Copying 0 resource
2018-10-23 11:11:10,600 [Worker-201] WARN  o.e.m.c.i.embedder.EclipseLogger - Using platform encoding (UTF-8 actually) to copy filtered resources, i.e. build is platform dependent!
2018-10-23 11:11:10,601 [Worker-201] INFO  o.e.m.c.i.embedder.EclipseLogger - Copying 0 resource
2018-10-23 11:11:59,632 [Worker-201] WARN  o.e.m.c.i.embedder.EclipseLogger - Using platform encoding (UTF-8 actually) to copy filtered resources, i.e. build is platform dependent!
2018-10-23 11:11:59,633 [Worker-201] INFO  o.e.m.c.i.embedder.EclipseLogger - Copying 0 resource
2018-10-23 11:11:59,634 [Worker-201] WARN  o.e.m.c.i.embedder.EclipseLogger - Using platform encoding (UTF-8 actually) to copy filtered resources, i.e. build is platform dependent!
2018-10-23 11:11:59,634 [Worker-201] INFO  o.e.m.c.i.embedder.EclipseLogger - Copying 0 resource
2018-10-23 11:12:09,965 [Worker-207] WARN  o.e.m.c.i.embedder.EclipseLogger - Using platform encoding (UTF-8 actually) to copy filtered resources, i.e. build is platform dependent!
2018-10-23 11:12:09,966 [Worker-207] INFO  o.e.m.c.i.embedder.EclipseLogger - Copying 0 resource
2018-10-23 11:12:09,967 [Worker-207] WARN  o.e.m.c.i.embedder.EclipseLogger - Using platform encoding (UTF-8 actually) to copy filtered resources, i.e. build is platform dependent!
2018-10-23 11:12:09,967 [Worker-207] INFO  o.e.m.c.i.embedder.EclipseLogger - Copying 0 resource
2018-10-23 11:13:03,316 [Worker-208] WARN  o.e.m.c.i.embedder.EclipseLogger - Using platform encoding (UTF-8 actually) to copy filtered resources, i.e. build is platform dependent!
2018-10-23 11:13:03,317 [Worker-208] INFO  o.e.m.c.i.embedder.EclipseLogger - Copying 0 resource
2018-10-23 11:13:03,318 [Worker-208] WARN  o.e.m.c.i.embedder.EclipseLogger - Using platform encoding (UTF-8 actually) to copy filtered resources, i.e. build is platform dependent!
2018-10-23 11:13:03,318 [Worker-208] INFO  o.e.m.c.i.embedder.EclipseLogger - Copying 0 resource
2018-10-23 11:13:29,130 [Worker-207] WARN  o.e.m.c.i.embedder.EclipseLogger - Using platform encoding (UTF-8 actually) to copy filtered resources, i.e. build is platform dependent!
2018-10-23 11:13:29,131 [Worker-207] INFO  o.e.m.c.i.embedder.EclipseLogger - Copying 0 resource
2018-10-23 11:13:29,132 [Worker-207] WARN  o.e.m.c.i.embedder.EclipseLogger - Using platform encoding (UTF-8 actually) to copy filtered resources, i.e. build is platform dependent!
2018-10-23 11:13:29,133 [Worker-207] INFO  o.e.m.c.i.embedder.EclipseLogger - Copying 0 resource
2018-10-23 11:13:37,856 [Worker-208] WARN  o.e.m.c.i.embedder.EclipseLogger - Using platform encoding (UTF-8 actually) to copy filtered resources, i.e. build is platform dependent!
2018-10-23 11:13:37,858 [Worker-208] INFO  o.e.m.c.i.embedder.EclipseLogger - Copying 0 resource
2018-10-23 11:13:37,859 [Worker-208] WARN  o.e.m.c.i.embedder.EclipseLogger - Using platform encoding (UTF-8 actually) to copy filtered resources, i.e. build is platform dependent!
2018-10-23 11:13:37,860 [Worker-208] INFO  o.e.m.c.i.embedder.EclipseLogger - Copying 0 resource
